This is XeTeX, Version 3.141592653-2.6-0.999997 (TeX Live 2025) (preloaded format=xelatex 2025.11.1)  10 DEC 2025 04:02
entering extended mode
 restricted \write18 enabled.
 %&-line parsing enabled.
**ass2msb104grp3.tex
(./ass2msb104grp3.tex
LaTeX2e <2025-06-01> patch level 1
L3 programming layer <2025-10-24>

! LaTeX Error: File `scrartcl.cls' not found.

Type X to quit or <RETURN> to proceed,
or enter new name. (Default extension: cls)

Enter file name: 
! Emergency stop.
<read *> 
         
l.10 ^^M
        
*** (cannot \read from terminal in nonstop modes)

 
Here is how much of TeX's memory you used:
 27 strings out of 470343
 528 string characters out of 5481788
 426402 words of memory out of 5000000
 28516 multiletter control sequences out of 15000+600000
 627721 words of font info for 40 fonts, out of 8000000 for 9000
 36 hyphenation exceptions out of 8191
 19i,0n,29p,113b,17s stack positions out of 10000i,1000n,20000p,200000b,200000s
No pages of output.
